2026-02-18 10:31:39,884 - INFO - ==================================================
2026-02-18 10:31:39,884 - INFO - 参考学习模块爬虫启动
2026-02-18 10:31:39,885 - INFO - ==================================================
2026-02-18 10:31:39,887 - INFO - 只学习分类: 书源
2026-02-18 10:31:39,888 - INFO - 开始爬取并学习分类: 书源
2026-02-18 10:31:40,285 - INFO - 成功解析 100 个书源
2026-02-18 10:31:40,285 - INFO - 共找到 100 个书源
2026-02-18 10:31:40,286 - INFO - 发现新书源: 📖Lofter 📖Lofter (ID: 6873)
2026-02-18 10:31:40,286 - INFO - 发现新书源: 🏷晋江文学 https://m.jjwxc.net/channel/ (ID: 1751)
2026-02-18 10:31:40,286 - INFO - 发现新书源: 📖笔趣阁手机版 http://www.biqugem.cc (ID: 6965)
2026-02-18 10:31:40,287 - INFO - 发现新书源: 🔞乐成漫画 https://www.lcmhx.asia (ID: 6949)
2026-02-18 10:31:40,287 - INFO - 发现新书源: 乐乐 https://www.lcmhx.asia (ID: 6948)
2026-02-18 10:31:40,287 - INFO - 发现新书源: VirtualTaboo直播 https://zh.virtualtaboo.live (ID: 6947)
2026-02-18 10:31:40,288 - INFO - 发现新书源: 📪第一版主 https://www.bz33333333.com/ (ID: 6946)
2026-02-18 10:31:40,288 - INFO - 发现新书源: 同人小说网 https://www.tongrenxsw.com (ID: 6077)
2026-02-18 10:31:40,288 - INFO - 发现新书源: 🍅番茄，七猫，塔读，得间，书旗(段评版聚合源) 晴天融合VIP5.0 (ID: 6905)
2026-02-18 10:31:40,289 - INFO - 发现新书源: 📪第一版主820 https://www.bz88888.net////## (ID: 6943)
2026-02-18 10:31:40,289 - INFO - 发现新书源: 万能精品聚合 万能精品聚合 (ID: 6942)
2026-02-18 10:31:40,290 - INFO - 发现新书源: 🍓番茄免费小说-[春节限定版] https://xingmian.cmcure.com (ID: 6941)
2026-02-18 10:31:40,290 - INFO - 发现新书源: 📪第一版主820 https://www.bz444444.net (ID: 6940)
2026-02-18 10:31:40,290 - INFO - 发现新书源: 🎆起点中文网(按钮筛选) https://m.qidian.com#按钮筛选 (ID: 6937)
2026-02-18 10:31:40,290 - INFO - 发现新书源: 得奇小说网 https://www.deqixs.co (ID: 6936)
2026-02-18 10:31:40,291 - INFO - 发现新书源: 🔞完本小说网 https://www.finalbooks.work (ID: 6332)
2026-02-18 10:31:40,291 - INFO - 发现新书源: 速读谷 https://www.sudugu.org/ (ID: 6935)
2026-02-18 10:31:40,291 - INFO - 发现新书源: 🌞A晴天聚合5.2.03(终极版) 晴天融合VIP4.0 (ID: 6746)
2026-02-18 10:31:40,292 - INFO - 发现新书源: 哔哩哔哩 哔哩哔哩 (ID: 6807)
2026-02-18 10:31:40,292 - INFO - 发现新书源: 东方小说网 https://m.cndfzw.com (ID: 6934)
2026-02-18 10:31:40,292 - INFO - 发现新书源: 漫小肆20251217 https://www.jjmh.top/ (ID: 6933)
2026-02-18 10:31:40,292 - INFO - 发现新书源: 🍓番茄免费小说-[春节限定版] http://rose.novel.lzink.icu (ID: 6932)
2026-02-18 10:31:40,293 - INFO - 发现新书源: 梦想家文学 http://www.mxjtedu.com/ (ID: 6931)
2026-02-18 10:31:40,293 - INFO - 发现新书源: 东方小说网 https://www.cndfzw.com (ID: 6930)
2026-02-18 10:31:40,293 - INFO - 发现新书源: 爱奇小说网 https://m.aqxsw.com/ (ID: 6929)
2026-02-18 10:31:40,294 - INFO - 发现新书源: 速读谷 https://www.sudugu.org/ (ID: 6928)
2026-02-18 10:31:40,294 - INFO - 发现新书源: 书豪小说网 https://www.shuhaoxs.com (ID: 6927)
2026-02-18 10:31:40,294 - INFO - 发现新书源: 🍅大灰狼聚合5.2.2(完全版) 大灰狼融合5.0 (ID: 6841)
2026-02-18 10:31:40,294 - INFO - 发现新书源: 久久漫画 https://www.jjmhw.cc (ID: 6923)
2026-02-18 10:31:40,295 - INFO - 发现新书源: 📚书山聚合 https://search.shusan.icu (ID: 6921)
2026-02-18 10:31:40,295 - INFO - 发现新书源: 📖笔趣网 http://www.bqgu.cc (ID: 6918)
2026-02-18 10:31:40,295 - INFO - 发现新书源: 龙头小说 http://m.ltxs.la/ (ID: 6917)
2026-02-18 10:31:40,295 - INFO - 发现新书源: 💫悦恋免费小说 - [☆星眠☆] 情不知所起一往而深，
情不知所终一笑而泯。
––––––––––––––––@星眠 (ID: 6907)
2026-02-18 10:31:40,296 - INFO - 发现新书源: 速读谷伪 http://www.sudugu.co (ID: 6906)
2026-02-18 10:31:40,298 - INFO - 发现新书源: 🍅 番茄的缘 https://reading.snssdk.com#0 (ID: 6904)
2026-02-18 10:31:40,298 - INFO - 发现新书源: 闲看免费小说 http://nav.jijia-co.com (ID: 6900)
2026-02-18 10:31:40,298 - INFO - 发现新书源: 篱笆好文（优+++） https://m.libahao.com (ID: 6897)
2026-02-18 10:31:40,299 - INFO - 发现新书源: 元小说 https://metanetnovel.com/ (ID: 6896)
2026-02-18 10:31:40,299 - INFO - 发现新书源: 篱笆好 https://m.libahao.com (ID: 6895)
2026-02-18 10:31:40,299 - INFO - 发现新书源: 🍅番茄专业户 番茄和精品 (ID: 6892)
2026-02-18 10:31:40,299 - INFO - 发现新书源: 📚豆瓣阅读 https://read.douban.com (ID: 4925)
2026-02-18 10:31:40,300 - INFO - 发现新书源: 📥 奇书网 https://www.qishu99.cc (ID: 6891)
2026-02-18 10:31:40,300 - INFO - 发现新书源: 苦读书 http://www.kudushu.org (ID: 6890)
2026-02-18 10:31:40,300 - INFO - 发现新书源: 🎉 八零小说 http://www.80zw.la (ID: 6887)
2026-02-18 10:31:40,301 - INFO - 发现新书源: 📥 爱去小说 https://www.aiqu999.com (ID: 6886)
2026-02-18 10:31:40,301 - INFO - 发现新书源: 🔞UAA-免梯-已绕过会员 https://api.qiubai.icu (ID: 6885)
2026-02-18 10:31:40,301 - INFO - 发现新书源: 🍅团夕小说 https://novel.snssdk.com (ID: 6884)
2026-02-18 10:31:40,301 - INFO - 发现新书源: 🎨 177漫画🔥 http://www.177pic.info (ID: 6883)
2026-02-18 10:31:40,301 - INFO - 发现新书源: 八叉书库 https://bcshuku.com/ (ID: 6882)
2026-02-18 10:31:40,301 - INFO - 发现新书源: ncode_syosetu(成为小说家吧) https://ncode.syosetu.com/ (ID: 6881)
2026-02-18 10:31:40,301 - INFO - 发现新书源: 速读谷 https://www.sudugu.org (ID: 6880)
2026-02-18 10:31:40,302 - INFO - 发现新书源: 18r（免梯子） https://jiek.qiubai.icu/ (ID: 6876)
2026-02-18 10:31:40,302 - INFO - 发现新书源: 顶点小说ddxsmf https://www.ddxsmf.com (ID: 6875)
2026-02-18 10:31:40,302 - INFO - 发现新书源: 无插件 - 赛事直播 http://www.wuchajian.xyz (ID: 6874)
2026-02-18 10:31:40,302 - INFO - 发现新书源: 多平台精品源 多平台精品源 (ID: 6857)
2026-02-18 10:31:40,302 - INFO - 发现新书源: 速读谷 https://www.sudugu.org (ID: 6844)
2026-02-18 10:31:40,302 - INFO - 发现新书源: 汉书书 https://m.hanshubooks.com/ (ID: 6842)
2026-02-18 10:31:40,302 - INFO - 发现新书源: 美女图片网 https://m.ku1372.cc (ID: 6837)
2026-02-18 10:31:40,302 - INFO - 发现新书源: 🌈网易云音乐 https://网易云音乐.luoyacheng.ip-ddns.com (ID: 6112)
2026-02-18 10:31:40,302 - INFO - 发现新书源: 茶马小说 [耽美] https://www.chamabooks.net (ID: 6835)
2026-02-18 10:31:40,303 - INFO - 发现新书源: 天命皆烬小说 https://www.genwohua.com (ID: 6834)
2026-02-18 10:31:40,303 - INFO - 发现新书源: 茶杯狐 https://www.cupfox7.com/ (ID: 6832)
2026-02-18 10:31:40,303 - INFO - 发现新书源: 万能精品源 精品源 (ID: 6830)
2026-02-18 10:31:40,303 - INFO - 发现新书源: 🌸肉漫屋( 韩漫+ ) https://roum26.xyz (ID: 6820)
2026-02-18 10:31:40,303 - INFO - 发现新书源: CA 情色小说（修复） https://canovel.com (ID: 6819)
2026-02-18 10:31:40,303 - INFO - 发现新书源: 番茄四合一 http://103.189.141.163:9587 (ID: 6817)
2026-02-18 10:31:40,303 - INFO - 发现新书源: 🌸爱丽丝书屋(免翻) https://xn--vcsx64d.alicesw12.xyz/ (ID: 6816)
2026-02-18 10:31:40,303 - INFO - 发现新书源: 书耽 https://app.shubl.com (ID: 5718)
2026-02-18 10:31:40,304 - INFO - 发现新书源: 🌸肉漫屋( 韩漫+ ) https://roum26.xyz (ID: 6815)
2026-02-18 10:31:40,304 - INFO - 发现新书源: 八叉书库 https://www.8xsk.info (ID: 6814)
2026-02-18 10:31:40,304 - INFO - 发现新书源: 爱看书吧 https://m.aidushu8.com (ID: 6813)
2026-02-18 10:31:40,304 - INFO - 发现新书源: 🌸Hitomi漫 https://hitomi.si/ (ID: 6812)
2026-02-18 10:31:40,304 - INFO - 发现新书源: 爱下电子书 https://ixdzs8.com (ID: 6810)
2026-02-18 10:31:40,304 - INFO - 发现新书源: 八叉书库 https://www.8xsk.info (ID: 6809)
2026-02-18 10:31:40,304 - INFO - 发现新书源: 笔趣阁 https://www.bqquge.com (ID: 6808)
2026-02-18 10:31:40,305 - INFO - 发现新书源: 🌸绅士漫画 https://www.wn06.ru/ (ID: 6806)
2026-02-18 10:31:40,306 - INFO - 发现新书源: 百草露小说 https://m.baicaolu.com (ID: 6803)
2026-02-18 10:31:40,306 - INFO - 发现新书源: 天天看小说🪜 https://ttks.tw/ (ID: 6792)
2026-02-18 10:31:40,306 - INFO - 发现新书源: 必去读书库 http://m.biqugei.org (ID: 6785)
2026-02-18 10:31:40,306 - INFO - 发现新书源: 爱下电子书 https://ixdzs.tw/ (ID: 6783)
2026-02-18 10:31:40,307 - INFO - 发现新书源: 夜读集小说 https://www.yeduji.com (ID: 6782)
2026-02-18 10:31:40,307 - INFO - 发现新书源: 看看影院 http://k9.9967.top/ (ID: 6781)
2026-02-18 10:31:40,307 - INFO - 发现新书源: ESJ Zone https://www.esjzone.cc (ID: 6779)
2026-02-18 10:31:40,307 - INFO - 发现新书源: 🎨禁漫天堂 https://18comic.vip (ID: 6778)
2026-02-18 10:31:40,307 - INFO - 发现新书源: 🌈笔趣中文网 http://www.bqgz.cc (ID: 6777)
2026-02-18 10:31:40,307 - INFO - 发现新书源: 全能书源 全能书源 (ID: 6776)
2026-02-18 10:31:40,307 - INFO - 发现新书源: 365小说网 http://www.shukuge.com/ (ID: 6775)
2026-02-18 10:31:40,307 - INFO - 发现新书源: 小说520 https://www.xs520.com/ (ID: 6774)
2026-02-18 10:31:40,307 - INFO - 发现新书源: 🄼冰清阁小说 https://m.bqgcn.com/ (ID: 6773)
2026-02-18 10:31:40,307 - INFO - 发现新书源: 顶点小说 https://www.dingdian6.com (ID: 6772)
2026-02-18 10:31:40,308 - INFO - 发现新书源: 600小说网 http://www.600zz.com (ID: 6771)
2026-02-18 10:31:40,309 - INFO - 发现新书源: 九桃小说 https://k09.a506wge.cc (ID: 6763)
2026-02-18 10:31:40,309 - INFO - 发现新书源: 番茄（发现） https://fanqienovel.com####嘿嘿 (ID: 6761)
2026-02-18 10:31:40,309 - INFO - 发现新书源: ꂵ 30读书 https://www.30dushu.com/ (ID: 6760)
2026-02-18 10:31:40,309 - INFO - 发现新书源: 🄼 八一 https://www.blxs.info/ (ID: 6759)
2026-02-18 10:31:40,309 - INFO - 发现新书源: 亲亲小说qinqinxiaoshuo https://www.qinqinxiaoshuo.cc (ID: 6758)
2026-02-18 10:31:40,309 - INFO - 发现新书源: 奇书网 https://m.qishu99.cc/ (ID: 6757)
2026-02-18 10:31:40,309 - INFO - 发现新书源: 云轩阁小说网 http://www.yunxuange.cc/ (ID: 6754)
2026-02-18 10:31:40,310 - INFO - 发现新书源: kuronavi漫画raw https://kuronavi.blog (ID: 6753)
2026-02-18 10:31:40,310 - INFO - 发现新书源: 旧钢笔 https://p.jiugangbi.com (ID: 6752)
2026-02-18 10:31:40,312 - INFO - 更新检测数据已保存
2026-02-18 10:31:40,312 - INFO - 分类 书源 发现 100 个新书源
2026-02-18 10:31:40,544 - INFO - 参考学习目录已初始化: assets/knowledge_base
2026-02-18 10:31:40,545 - INFO - 书源已学习过，跳过: 6873
2026-02-18 10:31:40,546 - INFO - 学习日志已保存
2026-02-18 10:31:40,546 - INFO - ✓ 成功学习: 📖Lofter 📖Lofter (ID: 6873)
2026-02-18 10:31:41,830 - INFO - 参考学习目录已初始化: assets/knowledge_base
2026-02-18 10:31:41,834 - INFO - 知识库文档已保存: assets/knowledge_base/book_sources/1751_🏷晋江文学_书源_20260218_103141.md
2026-02-18 10:31:41,836 - INFO - 学习统计已更新: 书源 +1
2026-02-18 10:31:41,836 - INFO - 成功学习书源: 🏷晋江文学 (ID: 1751)
2026-02-18 10:31:41,839 - INFO - 书源已标记为已学习: 1751
2026-02-18 10:31:41,841 - INFO - 学习日志已保存
2026-02-18 10:31:41,841 - INFO - ✓ 成功学习: 🏷晋江文学 https://m.jjwxc.net/channel/ (ID: 1751)
2026-02-18 10:31:43,053 - INFO - 参考学习目录已初始化: assets/knowledge_base
2026-02-18 10:31:43,055 - INFO - 知识库文档已保存: assets/knowledge_base/book_sources/6965_📖笔趣阁手机版_书源_20260218_103143.md
2026-02-18 10:31:43,056 - INFO - 学习统计已更新: 书源 +1
2026-02-18 10:31:43,056 - INFO - 成功学习书源: 📖笔趣阁手机版 (ID: 6965)
2026-02-18 10:31:43,057 - INFO - 书源已标记为已学习: 6965
2026-02-18 10:31:43,058 - INFO - 学习日志已保存
2026-02-18 10:31:43,059 - INFO - ✓ 成功学习: 📖笔趣阁手机版 http://www.biqugem.cc (ID: 6965)
2026-02-18 10:31:44,303 - INFO - 参考学习目录已初始化: assets/knowledge_base
2026-02-18 10:31:44,306 - INFO - 知识库文档已保存: assets/knowledge_base/book_sources/6949_🔞乐成漫画_书源_20260218_103144.md
2026-02-18 10:31:44,307 - INFO - 学习统计已更新: 书源 +1
2026-02-18 10:31:44,307 - INFO - 成功学习书源: 🔞乐成漫画 (ID: 6949)
2026-02-18 10:31:44,308 - INFO - 书源已标记为已学习: 6949
2026-02-18 10:31:44,309 - INFO - 学习日志已保存
2026-02-18 10:31:44,309 - INFO - ✓ 成功学习: 🔞乐成漫画 https://www.lcmhx.asia (ID: 6949)
2026-02-18 10:31:45,510 - INFO - 参考学习目录已初始化: assets/knowledge_base
2026-02-18 10:31:45,513 - INFO - 知识库文档已保存: assets/knowledge_base/book_sources/6948_乐乐_书源_20260218_103145.md
2026-02-18 10:31:45,514 - INFO - 学习统计已更新: 书源 +1
2026-02-18 10:31:45,514 - INFO - 成功学习书源: 乐乐 (ID: 6948)
2026-02-18 10:31:45,515 - INFO - 书源已标记为已学习: 6948
2026-02-18 10:31:45,516 - INFO - 学习日志已保存
2026-02-18 10:31:45,517 - INFO - ✓ 成功学习: 乐乐 https://www.lcmhx.asia (ID: 6948)
2026-02-18 10:31:46,727 - INFO - 参考学习目录已初始化: assets/knowledge_base
2026-02-18 10:31:46,728 - ERROR - 学习书源失败: 'list' object has no attribute 'get'
2026-02-18 10:31:46,729 - INFO - 学习日志已保存
2026-02-18 10:31:46,729 - WARNING - ✗ 学习失败: VirtualTaboo直播 https://zh.virtualtaboo.live (ID: 6947)
2026-02-18 10:31:47,944 - INFO - 参考学习目录已初始化: assets/knowledge_base
2026-02-18 10:31:47,946 - INFO - 知识库文档已保存: assets/knowledge_base/book_sources/6946_📪第一版主_书源_20260218_103147.md
2026-02-18 10:31:47,947 - INFO - 学习统计已更新: 书源 +1
2026-02-18 10:31:47,948 - INFO - 成功学习书源: 📪第一版主 (ID: 6946)
2026-02-18 10:31:47,949 - INFO - 书源已标记为已学习: 6946
2026-02-18 10:31:47,950 - INFO - 学习日志已保存
2026-02-18 10:31:47,950 - INFO - ✓ 成功学习: 📪第一版主 https://www.bz33333333.com/ (ID: 6946)
2026-02-18 10:31:49,176 - INFO - 参考学习目录已初始化: assets/knowledge_base
2026-02-18 10:31:49,179 - INFO - 知识库文档已保存: assets/knowledge_base/book_sources/6077_同人小说网_书源_20260218_103149.md
2026-02-18 10:31:49,180 - INFO - 学习统计已更新: 书源 +1
2026-02-18 10:31:49,180 - INFO - 成功学习书源: 同人小说网 (ID: 6077)
2026-02-18 10:31:49,182 - INFO - 书源已标记为已学习: 6077
2026-02-18 10:31:49,183 - INFO - 学习日志已保存
2026-02-18 10:31:49,183 - INFO - ✓ 成功学习: 同人小说网 https://www.tongrenxsw.com (ID: 6077)
2026-02-18 10:31:50,419 - INFO - 参考学习目录已初始化: assets/knowledge_base
2026-02-18 10:31:50,424 - INFO - 知识库文档已保存: assets/knowledge_base/book_sources/6905_🍅番茄，七猫，塔读，得间，书旗(段评版聚合源)_书源_20260218_103150.md
2026-02-18 10:31:50,426 - INFO - 学习统计已更新: 书源 +1
2026-02-18 10:31:50,426 - INFO - 成功学习书源: 🍅番茄，七猫，塔读，得间，书旗(段评版聚合源) (ID: 6905)
2026-02-18 10:31:50,429 - INFO - 书源已标记为已学习: 6905
2026-02-18 10:31:50,431 - INFO - 学习日志已保存
2026-02-18 10:31:50,431 - INFO - ✓ 成功学习: 🍅番茄，七猫，塔读，得间，书旗(段评版聚合源) 晴天融合VIP5.0 (ID: 6905)
2026-02-18 10:31:51,658 - INFO - 参考学习目录已初始化: assets/knowledge_base
2026-02-18 10:31:51,661 - INFO - 知识库文档已保存: assets/knowledge_base/book_sources/6943_📪第一版主820_书源_20260218_103151.md
2026-02-18 10:31:51,662 - INFO - 学习统计已更新: 书源 +1
2026-02-18 10:31:51,662 - INFO - 成功学习书源: 📪第一版主820 (ID: 6943)
2026-02-18 10:31:51,664 - INFO - 书源已标记为已学习: 6943
2026-02-18 10:31:51,665 - INFO - 学习日志已保存
2026-02-18 10:31:51,665 - INFO - ✓ 成功学习: 📪第一版主820 https://www.bz88888.net////## (ID: 6943)
2026-02-18 10:31:52,900 - INFO - 参考学习目录已初始化: assets/knowledge_base
2026-02-18 10:31:52,904 - INFO - 知识库文档已保存: assets/knowledge_base/book_sources/6942_万能精品聚合_书源_20260218_103152.md
2026-02-18 10:31:52,905 - INFO - 学习统计已更新: 书源 +1
2026-02-18 10:31:52,905 - INFO - 成功学习书源: 万能精品聚合 (ID: 6942)
2026-02-18 10:31:52,907 - INFO - 书源已标记为已学习: 6942
2026-02-18 10:31:52,908 - INFO - 学习日志已保存
2026-02-18 10:31:52,908 - INFO - ✓ 成功学习: 万能精品聚合 万能精品聚合 (ID: 6942)
2026-02-18 10:31:54,141 - INFO - 参考学习目录已初始化: assets/knowledge_base
2026-02-18 10:31:54,143 - INFO - 知识库文档已保存: assets/knowledge_base/book_sources/6941_🍓番茄免费小说-[春节限定版]_书源_20260218_103154.md
2026-02-18 10:31:54,144 - INFO - 学习统计已更新: 书源 +1
2026-02-18 10:31:54,145 - INFO - 成功学习书源: 🍓番茄免费小说-[春节限定版] (ID: 6941)
2026-02-18 10:31:54,146 - INFO - 书源已标记为已学习: 6941
2026-02-18 10:31:54,147 - INFO - 学习日志已保存
2026-02-18 10:31:54,147 - INFO - ✓ 成功学习: 🍓番茄免费小说-[春节限定版] https://xingmian.cmcure.com (ID: 6941)
2026-02-18 10:31:55,364 - INFO - 参考学习目录已初始化: assets/knowledge_base
2026-02-18 10:31:55,367 - INFO - 知识库文档已保存: assets/knowledge_base/book_sources/6940_📪第一版主820_书源_20260218_103155.md
2026-02-18 10:31:55,368 - INFO - 学习统计已更新: 书源 +1
2026-02-18 10:31:55,368 - INFO - 成功学习书源: 📪第一版主820 (ID: 6940)
2026-02-18 10:31:55,370 - INFO - 书源已标记为已学习: 6940
2026-02-18 10:31:55,371 - INFO - 学习日志已保存
2026-02-18 10:31:55,371 - INFO - ✓ 成功学习: 📪第一版主820 https://www.bz444444.net (ID: 6940)
2026-02-18 10:31:56,590 - INFO - 参考学习目录已初始化: assets/knowledge_base
2026-02-18 10:31:56,592 - INFO - 知识库文档已保存: assets/knowledge_base/book_sources/6937_🎆起点中文网(按钮筛选)_书源_20260218_103156.md
2026-02-18 10:31:56,593 - INFO - 学习统计已更新: 书源 +1
2026-02-18 10:31:56,594 - INFO - 成功学习书源: 🎆起点中文网(按钮筛选) (ID: 6937)
2026-02-18 10:31:56,595 - INFO - 书源已标记为已学习: 6937
2026-02-18 10:31:56,596 - INFO - 学习日志已保存
2026-02-18 10:31:56,596 - INFO - ✓ 成功学习: 🎆起点中文网(按钮筛选) https://m.qidian.com#按钮筛选 (ID: 6937)
2026-02-18 10:31:57,798 - INFO - 参考学习目录已初始化: assets/knowledge_base
2026-02-18 10:31:57,800 - INFO - 知识库文档已保存: assets/knowledge_base/book_sources/6936_得奇小说网_书源_20260218_103157.md
2026-02-18 10:31:57,801 - INFO - 学习统计已更新: 书源 +1
2026-02-18 10:31:57,802 - INFO - 成功学习书源: 得奇小说网 (ID: 6936)
2026-02-18 10:31:57,803 - INFO - 书源已标记为已学习: 6936
2026-02-18 10:31:57,804 - INFO - 学习日志已保存
2026-02-18 10:31:57,804 - INFO - ✓ 成功学习: 得奇小说网 https://www.deqixs.co (ID: 6936)
2026-02-18 10:31:59,014 - INFO - 参考学习目录已初始化: assets/knowledge_base
2026-02-18 10:31:59,016 - INFO - 知识库文档已保存: assets/knowledge_base/book_sources/6332_🔞完本小说网_书源_20260218_103159.md
2026-02-18 10:31:59,017 - INFO - 学习统计已更新: 书源 +1
2026-02-18 10:31:59,018 - INFO - 成功学习书源: 🔞完本小说网 (ID: 6332)
2026-02-18 10:31:59,019 - INFO - 书源已标记为已学习: 6332
2026-02-18 10:31:59,020 - INFO - 学习日志已保存
2026-02-18 10:31:59,020 - INFO - ✓ 成功学习: 🔞完本小说网 https://www.finalbooks.work (ID: 6332)
2026-02-18 10:32:00,238 - INFO - 参考学习目录已初始化: assets/knowledge_base
2026-02-18 10:32:00,240 - INFO - 知识库文档已保存: assets/knowledge_base/book_sources/6935_速读谷_书源_20260218_103200.md
2026-02-18 10:32:00,242 - INFO - 学习统计已更新: 书源 +1
2026-02-18 10:32:00,242 - INFO - 成功学习书源: 速读谷 (ID: 6935)
2026-02-18 10:32:00,243 - INFO - 书源已标记为已学习: 6935
2026-02-18 10:32:00,244 - INFO - 学习日志已保存
2026-02-18 10:32:00,245 - INFO - ✓ 成功学习: 速读谷 https://www.sudugu.org/ (ID: 6935)
2026-02-18 10:32:01,477 - INFO - 参考学习目录已初始化: assets/knowledge_base
2026-02-18 10:32:01,480 - INFO - 知识库文档已保存: assets/knowledge_base/book_sources/6746_🌞A晴天聚合5.2.03(终极版)_书源_20260218_103201.md
2026-02-18 10:32:01,482 - INFO - 学习统计已更新: 书源 +1
2026-02-18 10:32:01,482 - INFO - 成功学习书源: 🌞A晴天聚合5.2.03(终极版) (ID: 6746)
2026-02-18 10:32:01,483 - INFO - 书源已标记为已学习: 6746
2026-02-18 10:32:01,485 - INFO - 学习日志已保存
2026-02-18 10:32:01,485 - INFO - ✓ 成功学习: 🌞A晴天聚合5.2.03(终极版) 晴天融合VIP4.0 (ID: 6746)
2026-02-18 10:32:02,714 - INFO - 参考学习目录已初始化: assets/knowledge_base
2026-02-18 10:32:02,719 - INFO - 知识库文档已保存: assets/knowledge_base/book_sources/6807_哔哩哔哩_书源_20260218_103202.md
2026-02-18 10:32:02,720 - INFO - 学习统计已更新: 书源 +1
2026-02-18 10:32:02,720 - INFO - 成功学习书源: 哔哩哔哩 (ID: 6807)
2026-02-18 10:32:02,721 - INFO - 书源已标记为已学习: 6807
2026-02-18 10:32:02,722 - INFO - 学习日志已保存
2026-02-18 10:32:02,723 - INFO - ✓ 成功学习: 哔哩哔哩 哔哩哔哩 (ID: 6807)
2026-02-18 10:32:03,920 - INFO - 参考学习目录已初始化: assets/knowledge_base
2026-02-18 10:32:03,922 - INFO - 知识库文档已保存: assets/knowledge_base/book_sources/6934_东方小说网_书源_20260218_103203.md
2026-02-18 10:32:03,923 - INFO - 学习统计已更新: 书源 +1
2026-02-18 10:32:03,924 - INFO - 成功学习书源: 东方小说网 (ID: 6934)
2026-02-18 10:32:03,925 - INFO - 书源已标记为已学习: 6934
2026-02-18 10:32:03,926 - INFO - 学习日志已保存
2026-02-18 10:32:03,926 - INFO - ✓ 成功学习: 东方小说网 https://m.cndfzw.com (ID: 6934)
2026-02-18 10:32:05,152 - INFO - 参考学习目录已初始化: assets/knowledge_base
2026-02-18 10:32:05,155 - INFO - 知识库文档已保存: assets/knowledge_base/book_sources/6933_漫小肆20251217_书源_20260218_103205.md
2026-02-18 10:32:05,156 - INFO - 学习统计已更新: 书源 +1
2026-02-18 10:32:05,156 - INFO - 成功学习书源: 漫小肆20251217 (ID: 6933)
2026-02-18 10:32:05,158 - INFO - 书源已标记为已学习: 6933
2026-02-18 10:32:05,159 - INFO - 学习日志已保存
2026-02-18 10:32:05,159 - INFO - ✓ 成功学习: 漫小肆20251217 https://www.jjmh.top/ (ID: 6933)
2026-02-18 10:32:06,368 - INFO - 参考学习目录已初始化: assets/knowledge_base
2026-02-18 10:32:06,371 - INFO - 知识库文档已保存: assets/knowledge_base/book_sources/6932_🍓番茄免费小说-[春节限定版]_书源_20260218_103206.md
2026-02-18 10:32:06,372 - INFO - 学习统计已更新: 书源 +1
2026-02-18 10:32:06,372 - INFO - 成功学习书源: 🍓番茄免费小说-[春节限定版] (ID: 6932)
2026-02-18 10:32:06,374 - INFO - 书源已标记为已学习: 6932
2026-02-18 10:32:06,375 - INFO - 学习日志已保存
2026-02-18 10:32:06,375 - INFO - ✓ 成功学习: 🍓番茄免费小说-[春节限定版] http://rose.novel.lzink.icu (ID: 6932)
2026-02-18 10:32:07,609 - INFO - 参考学习目录已初始化: assets/knowledge_base
2026-02-18 10:32:07,612 - INFO - 知识库文档已保存: assets/knowledge_base/book_sources/6931_梦想家文学_书源_20260218_103207.md
2026-02-18 10:32:07,613 - INFO - 学习统计已更新: 书源 +1
2026-02-18 10:32:07,613 - INFO - 成功学习书源: 梦想家文学 (ID: 6931)
2026-02-18 10:32:07,614 - INFO - 书源已标记为已学习: 6931
2026-02-18 10:32:07,615 - INFO - 学习日志已保存
2026-02-18 10:32:07,616 - INFO - ✓ 成功学习: 梦想家文学 http://www.mxjtedu.com/ (ID: 6931)
2026-02-18 10:32:08,817 - INFO - 参考学习目录已初始化: assets/knowledge_base
2026-02-18 10:32:08,819 - INFO - 知识库文档已保存: assets/knowledge_base/book_sources/6930_东方小说网_书源_20260218_103208.md
2026-02-18 10:32:08,821 - INFO - 学习统计已更新: 书源 +1
2026-02-18 10:32:08,821 - INFO - 成功学习书源: 东方小说网 (ID: 6930)
2026-02-18 10:32:08,822 - INFO - 书源已标记为已学习: 6930
2026-02-18 10:32:08,823 - INFO - 学习日志已保存
2026-02-18 10:32:08,823 - INFO - ✓ 成功学习: 东方小说网 https://www.cndfzw.com (ID: 6930)
2026-02-18 10:32:10,016 - INFO - 参考学习目录已初始化: assets/knowledge_base
2026-02-18 10:32:10,018 - ERROR - 学习书源失败: 'list' object has no attribute 'get'
2026-02-18 10:32:10,019 - INFO - 学习日志已保存
2026-02-18 10:32:10,019 - WARNING - ✗ 学习失败: 爱奇小说网 https://m.aqxsw.com/ (ID: 6929)
2026-02-18 10:32:11,215 - INFO - 参考学习目录已初始化: assets/knowledge_base
2026-02-18 10:32:11,218 - INFO - 知识库文档已保存: assets/knowledge_base/book_sources/6928_速读谷_书源_20260218_103211.md
2026-02-18 10:32:11,219 - INFO - 学习统计已更新: 书源 +1
2026-02-18 10:32:11,219 - INFO - 成功学习书源: 速读谷 (ID: 6928)
2026-02-18 10:32:11,221 - INFO - 书源已标记为已学习: 6928
2026-02-18 10:32:11,222 - INFO - 学习日志已保存
2026-02-18 10:32:11,222 - INFO - ✓ 成功学习: 速读谷 https://www.sudugu.org/ (ID: 6928)
2026-02-18 10:32:12,432 - INFO - 参考学习目录已初始化: assets/knowledge_base
2026-02-18 10:32:12,434 - INFO - 知识库文档已保存: assets/knowledge_base/book_sources/6927_书豪小说网_书源_20260218_103212.md
2026-02-18 10:32:12,436 - INFO - 学习统计已更新: 书源 +1
2026-02-18 10:32:12,436 - INFO - 成功学习书源: 书豪小说网 (ID: 6927)
2026-02-18 10:32:12,437 - INFO - 书源已标记为已学习: 6927
2026-02-18 10:32:12,438 - INFO - 学习日志已保存
2026-02-18 10:32:12,439 - INFO - ✓ 成功学习: 书豪小说网 https://www.shuhaoxs.com (ID: 6927)
2026-02-18 10:32:13,668 - INFO - 参考学习目录已初始化: assets/knowledge_base
2026-02-18 10:32:13,671 - INFO - 知识库文档已保存: assets/knowledge_base/book_sources/6841_🍅大灰狼聚合5.2.2(完全版)_书源_20260218_103213.md
2026-02-18 10:32:13,672 - INFO - 学习统计已更新: 书源 +1
2026-02-18 10:32:13,673 - INFO - 成功学习书源: 🍅大灰狼聚合5.2.2(完全版) (ID: 6841)
2026-02-18 10:32:13,674 - INFO - 书源已标记为已学习: 6841
2026-02-18 10:32:13,675 - INFO - 学习日志已保存
2026-02-18 10:32:13,675 - INFO - ✓ 成功学习: 🍅大灰狼聚合5.2.2(完全版) 大灰狼融合5.0 (ID: 6841)
2026-02-18 10:32:14,876 - INFO - 参考学习目录已初始化: assets/knowledge_base
2026-02-18 10:32:14,879 - INFO - 知识库文档已保存: assets/knowledge_base/book_sources/6923_久久漫画_书源_20260218_103214.md
2026-02-18 10:32:14,880 - INFO - 学习统计已更新: 书源 +1
2026-02-18 10:32:14,880 - INFO - 成功学习书源: 久久漫画 (ID: 6923)
2026-02-18 10:32:14,882 - INFO - 书源已标记为已学习: 6923
2026-02-18 10:32:14,883 - INFO - 学习日志已保存
2026-02-18 10:32:14,883 - INFO - ✓ 成功学习: 久久漫画 https://www.jjmhw.cc (ID: 6923)
2026-02-18 10:32:16,106 - INFO - 参考学习目录已初始化: assets/knowledge_base
2026-02-18 10:32:16,110 - INFO - 知识库文档已保存: assets/knowledge_base/book_sources/6921_📚书山聚合_书源_20260218_103216.md
2026-02-18 10:32:16,112 - INFO - 学习统计已更新: 书源 +1
2026-02-18 10:32:16,113 - INFO - 成功学习书源: 📚书山聚合 (ID: 6921)
2026-02-18 10:32:16,115 - INFO - 书源已标记为已学习: 6921
2026-02-18 10:32:16,118 - INFO - 学习日志已保存
2026-02-18 10:32:16,118 - INFO - ✓ 成功学习: 📚书山聚合 https://search.shusan.icu (ID: 6921)
2026-02-18 10:32:17,348 - INFO - 参考学习目录已初始化: assets/knowledge_base
2026-02-18 10:32:17,350 - INFO - 知识库文档已保存: assets/knowledge_base/book_sources/6918_📖笔趣网_书源_20260218_103217.md
2026-02-18 10:32:17,352 - INFO - 学习统计已更新: 书源 +1
2026-02-18 10:32:17,352 - INFO - 成功学习书源: 📖笔趣网 (ID: 6918)
2026-02-18 10:32:17,353 - INFO - 书源已标记为已学习: 6918
2026-02-18 10:32:17,354 - INFO - 学习日志已保存
2026-02-18 10:32:17,355 - INFO - ✓ 成功学习: 📖笔趣网 http://www.bqgu.cc (ID: 6918)
2026-02-18 10:32:18,573 - INFO - 参考学习目录已初始化: assets/knowledge_base
2026-02-18 10:32:18,578 - INFO - 知识库文档已保存: assets/knowledge_base/book_sources/6917_龙头小说_书源_20260218_103218.md
2026-02-18 10:32:18,581 - INFO - 学习统计已更新: 书源 +1
2026-02-18 10:32:18,581 - INFO - 成功学习书源: 龙头小说 (ID: 6917)
2026-02-18 10:32:18,584 - INFO - 书源已标记为已学习: 6917
2026-02-18 10:32:18,586 - INFO - 学习日志已保存
2026-02-18 10:32:18,587 - INFO - ✓ 成功学习: 龙头小说 http://m.ltxs.la/ (ID: 6917)
2026-02-18 10:32:19,843 - INFO - 参考学习目录已初始化: assets/knowledge_base
2026-02-18 10:32:19,846 - INFO - 知识库文档已保存: assets/knowledge_base/book_sources/6907_💫悦恋免费小说 - [☆星眠☆]_书源_20260218_103219.md
2026-02-18 10:32:19,847 - INFO - 学习统计已更新: 书源 +1
2026-02-18 10:32:19,847 - INFO - 成功学习书源: 💫悦恋免费小说 - [☆星眠☆] (ID: 6907)
2026-02-18 10:32:19,849 - INFO - 书源已标记为已学习: 6907
2026-02-18 10:32:19,850 - INFO - 学习日志已保存
2026-02-18 10:32:19,850 - INFO - ✓ 成功学习: 💫悦恋免费小说 - [☆星眠☆] 情不知所起一往而深，
情不知所终一笑而泯。
––––––––––––––––@星眠 (ID: 6907)
2026-02-18 10:32:21,088 - INFO - 参考学习目录已初始化: assets/knowledge_base
2026-02-18 10:32:21,090 - INFO - 知识库文档已保存: assets/knowledge_base/book_sources/6906_速读谷伪_书源_20260218_103221.md
2026-02-18 10:32:21,091 - INFO - 学习统计已更新: 书源 +1
2026-02-18 10:32:21,091 - INFO - 成功学习书源: 速读谷伪 (ID: 6906)
2026-02-18 10:32:21,093 - INFO - 书源已标记为已学习: 6906
2026-02-18 10:32:21,094 - INFO - 学习日志已保存
2026-02-18 10:32:21,094 - INFO - ✓ 成功学习: 速读谷伪 http://www.sudugu.co (ID: 6906)
2026-02-18 10:32:22,302 - INFO - 参考学习目录已初始化: assets/knowledge_base
2026-02-18 10:32:22,306 - INFO - 知识库文档已保存: assets/knowledge_base/book_sources/6904_🍅 番茄的缘_书源_20260218_103222.md
2026-02-18 10:32:22,307 - INFO - 学习统计已更新: 书源 +1
2026-02-18 10:32:22,307 - INFO - 成功学习书源: 🍅 番茄的缘 (ID: 6904)
2026-02-18 10:32:22,309 - INFO - 书源已标记为已学习: 6904
2026-02-18 10:32:22,310 - INFO - 学习日志已保存
2026-02-18 10:32:22,310 - INFO - ✓ 成功学习: 🍅 番茄的缘 https://reading.snssdk.com#0 (ID: 6904)
2026-02-18 10:32:23,529 - INFO - 参考学习目录已初始化: assets/knowledge_base
2026-02-18 10:32:23,532 - INFO - 知识库文档已保存: assets/knowledge_base/book_sources/6900_闲看免费小说_书源_20260218_103223.md
2026-02-18 10:32:23,533 - INFO - 学习统计已更新: 书源 +1
2026-02-18 10:32:23,533 - INFO - 成功学习书源: 闲看免费小说 (ID: 6900)
2026-02-18 10:32:23,534 - INFO - 书源已标记为已学习: 6900
2026-02-18 10:32:23,535 - INFO - 学习日志已保存
2026-02-18 10:32:23,536 - INFO - ✓ 成功学习: 闲看免费小说 http://nav.jijia-co.com (ID: 6900)
2026-02-18 10:32:24,727 - INFO - 参考学习目录已初始化: assets/knowledge_base
2026-02-18 10:32:24,730 - INFO - 知识库文档已保存: assets/knowledge_base/book_sources/6897_篱笆好文（优+++）_书源_20260218_103224.md
2026-02-18 10:32:24,731 - INFO - 学习统计已更新: 书源 +1
2026-02-18 10:32:24,731 - INFO - 成功学习书源: 篱笆好文（优+++） (ID: 6897)
2026-02-18 10:32:24,733 - INFO - 书源已标记为已学习: 6897
2026-02-18 10:32:24,734 - INFO - 学习日志已保存
2026-02-18 10:32:24,734 - INFO - ✓ 成功学习: 篱笆好文（优+++） https://m.libahao.com (ID: 6897)
2026-02-18 10:32:25,977 - INFO - 参考学习目录已初始化: assets/knowledge_base
2026-02-18 10:32:25,980 - INFO - 知识库文档已保存: assets/knowledge_base/book_sources/6896_元小说_书源_20260218_103225.md
2026-02-18 10:32:25,981 - INFO - 学习统计已更新: 书源 +1
2026-02-18 10:32:25,981 - INFO - 成功学习书源: 元小说 (ID: 6896)
2026-02-18 10:32:25,983 - INFO - 书源已标记为已学习: 6896
2026-02-18 10:32:25,984 - INFO - 学习日志已保存
2026-02-18 10:32:25,984 - INFO - ✓ 成功学习: 元小说 https://metanetnovel.com/ (ID: 6896)
2026-02-18 10:32:27,202 - INFO - 参考学习目录已初始化: assets/knowledge_base
2026-02-18 10:32:27,205 - INFO - 知识库文档已保存: assets/knowledge_base/book_sources/6895_篱笆好_书源_20260218_103227.md
2026-02-18 10:32:27,206 - INFO - 学习统计已更新: 书源 +1
2026-02-18 10:32:27,206 - INFO - 成功学习书源: 篱笆好 (ID: 6895)
2026-02-18 10:32:27,208 - INFO - 书源已标记为已学习: 6895
2026-02-18 10:32:27,209 - INFO - 学习日志已保存
2026-02-18 10:32:27,209 - INFO - ✓ 成功学习: 篱笆好 https://m.libahao.com (ID: 6895)
2026-02-18 10:32:28,424 - INFO - 参考学习目录已初始化: assets/knowledge_base
2026-02-18 10:32:28,429 - INFO - 知识库文档已保存: assets/knowledge_base/book_sources/6892_🍅番茄专业户_书源_20260218_103228.md
2026-02-18 10:32:28,431 - INFO - 学习统计已更新: 书源 +1
2026-02-18 10:32:28,432 - INFO - 成功学习书源: 🍅番茄专业户 (ID: 6892)
2026-02-18 10:32:28,435 - INFO - 书源已标记为已学习: 6892
2026-02-18 10:32:28,438 - INFO - 学习日志已保存
2026-02-18 10:32:28,438 - INFO - ✓ 成功学习: 🍅番茄专业户 番茄和精品 (ID: 6892)
2026-02-18 10:32:29,714 - INFO - 参考学习目录已初始化: assets/knowledge_base
2026-02-18 10:32:29,717 - INFO - 知识库文档已保存: assets/knowledge_base/book_sources/4925_📚豆瓣阅读_书源_20260218_103229.md
2026-02-18 10:32:29,718 - INFO - 学习统计已更新: 书源 +1
2026-02-18 10:32:29,718 - INFO - 成功学习书源: 📚豆瓣阅读 (ID: 4925)
2026-02-18 10:32:29,720 - INFO - 书源已标记为已学习: 4925
2026-02-18 10:32:29,721 - INFO - 学习日志已保存
2026-02-18 10:32:29,721 - INFO - ✓ 成功学习: 📚豆瓣阅读 https://read.douban.com (ID: 4925)
2026-02-18 10:32:30,953 - INFO - 参考学习目录已初始化: assets/knowledge_base
2026-02-18 10:32:30,954 - ERROR - 学习书源失败: 'list' object has no attribute 'get'
2026-02-18 10:32:30,956 - INFO - 学习日志已保存
2026-02-18 10:32:30,956 - WARNING - ✗ 学习失败: 📥 奇书网 https://www.qishu99.cc (ID: 6891)
2026-02-18 10:32:32,153 - INFO - 参考学习目录已初始化: assets/knowledge_base
2026-02-18 10:32:32,155 - INFO - 知识库文档已保存: assets/knowledge_base/book_sources/6890_苦读书_书源_20260218_103232.md
2026-02-18 10:32:32,156 - INFO - 学习统计已更新: 书源 +1
2026-02-18 10:32:32,157 - INFO - 成功学习书源: 苦读书 (ID: 6890)
2026-02-18 10:32:32,158 - INFO - 书源已标记为已学习: 6890
2026-02-18 10:32:32,160 - INFO - 学习日志已保存
2026-02-18 10:32:32,160 - INFO - ✓ 成功学习: 苦读书 http://www.kudushu.org (ID: 6890)
2026-02-18 10:32:33,368 - INFO - 参考学习目录已初始化: assets/knowledge_base
2026-02-18 10:32:33,371 - INFO - 知识库文档已保存: assets/knowledge_base/book_sources/6887_🎉 八零小说_书源_20260218_103233.md
2026-02-18 10:32:33,372 - INFO - 学习统计已更新: 书源 +1
2026-02-18 10:32:33,372 - INFO - 成功学习书源: 🎉 八零小说 (ID: 6887)
2026-02-18 10:32:33,374 - INFO - 书源已标记为已学习: 6887
2026-02-18 10:32:33,375 - INFO - 学习日志已保存
2026-02-18 10:32:33,376 - INFO - ✓ 成功学习: 🎉 八零小说 http://www.80zw.la (ID: 6887)
2026-02-18 10:32:34,568 - INFO - 参考学习目录已初始化: assets/knowledge_base
2026-02-18 10:32:34,570 - ERROR - 学习书源失败: 'list' object has no attribute 'get'
2026-02-18 10:32:34,572 - INFO - 学习日志已保存
2026-02-18 10:32:34,572 - WARNING - ✗ 学习失败: 📥 爱去小说 https://www.aiqu999.com (ID: 6886)
2026-02-18 10:32:35,785 - INFO - 参考学习目录已初始化: assets/knowledge_base
2026-02-18 10:32:35,788 - INFO - 知识库文档已保存: assets/knowledge_base/book_sources/6885_🔞UAA-免梯-已绕过会员_书源_20260218_103235.md
2026-02-18 10:32:35,789 - INFO - 学习统计已更新: 书源 +1
2026-02-18 10:32:35,789 - INFO - 成功学习书源: 🔞UAA-免梯-已绕过会员 (ID: 6885)
2026-02-18 10:32:35,791 - INFO - 书源已标记为已学习: 6885
2026-02-18 10:32:35,792 - INFO - 学习日志已保存
2026-02-18 10:32:35,793 - INFO - ✓ 成功学习: 🔞UAA-免梯-已绕过会员 https://api.qiubai.icu (ID: 6885)
2026-02-18 10:32:36,976 - INFO - 参考学习目录已初始化: assets/knowledge_base
2026-02-18 10:32:36,978 - INFO - 知识库文档已保存: assets/knowledge_base/book_sources/6884_🍅团夕小说_书源_20260218_103236.md
2026-02-18 10:32:36,979 - INFO - 学习统计已更新: 书源 +1
2026-02-18 10:32:36,979 - INFO - 成功学习书源: 🍅团夕小说 (ID: 6884)
2026-02-18 10:32:36,981 - INFO - 书源已标记为已学习: 6884
2026-02-18 10:32:36,982 - INFO - 学习日志已保存
2026-02-18 10:32:36,982 - INFO - ✓ 成功学习: 🍅团夕小说 https://novel.snssdk.com (ID: 6884)
2026-02-18 10:32:38,183 - INFO - 参考学习目录已初始化: assets/knowledge_base
2026-02-18 10:32:38,186 - INFO - 知识库文档已保存: assets/knowledge_base/book_sources/6883_🎨 177漫画🔥_书源_20260218_103238.md
2026-02-18 10:32:38,187 - INFO - 学习统计已更新: 书源 +1
2026-02-18 10:32:38,187 - INFO - 成功学习书源: 🎨 177漫画🔥 (ID: 6883)
2026-02-18 10:32:38,189 - INFO - 书源已标记为已学习: 6883
2026-02-18 10:32:38,190 - INFO - 学习日志已保存
2026-02-18 10:32:38,190 - INFO - ✓ 成功学习: 🎨 177漫画🔥 http://www.177pic.info (ID: 6883)
2026-02-18 10:32:39,384 - INFO - 参考学习目录已初始化: assets/knowledge_base
2026-02-18 10:32:39,385 - INFO - 知识库文档已保存: assets/knowledge_base/book_sources/6882_八叉书库_书源_20260218_103239.md
2026-02-18 10:32:39,386 - INFO - 学习统计已更新: 书源 +1
2026-02-18 10:32:39,387 - INFO - 成功学习书源: 八叉书库 (ID: 6882)
2026-02-18 10:32:39,388 - INFO - 书源已标记为已学习: 6882
2026-02-18 10:32:39,390 - INFO - 学习日志已保存
2026-02-18 10:32:39,390 - INFO - ✓ 成功学习: 八叉书库 https://bcshuku.com/ (ID: 6882)
2026-02-18 10:32:40,617 - INFO - 参考学习目录已初始化: assets/knowledge_base
2026-02-18 10:32:40,620 - INFO - 知识库文档已保存: assets/knowledge_base/book_sources/6881_ncode_syosetu(成为小说家吧)_书源_20260218_103240.md
2026-02-18 10:32:40,621 - INFO - 学习统计已更新: 书源 +1
2026-02-18 10:32:40,621 - INFO - 成功学习书源: ncode_syosetu(成为小说家吧) (ID: 6881)
2026-02-18 10:32:40,622 - INFO - 书源已标记为已学习: 6881
2026-02-18 10:32:40,624 - INFO - 学习日志已保存
2026-02-18 10:32:40,624 - INFO - ✓ 成功学习: ncode_syosetu(成为小说家吧) https://ncode.syosetu.com/ (ID: 6881)
2026-02-18 10:32:41,843 - INFO - 参考学习目录已初始化: assets/knowledge_base
2026-02-18 10:32:41,846 - INFO - 知识库文档已保存: assets/knowledge_base/book_sources/6880_速读谷_书源_20260218_103241.md
2026-02-18 10:32:41,847 - INFO - 学习统计已更新: 书源 +1
2026-02-18 10:32:41,847 - INFO - 成功学习书源: 速读谷 (ID: 6880)
2026-02-18 10:32:41,849 - INFO - 书源已标记为已学习: 6880
2026-02-18 10:32:41,850 - INFO - 学习日志已保存
2026-02-18 10:32:41,851 - INFO - ✓ 成功学习: 速读谷 https://www.sudugu.org (ID: 6880)
2026-02-18 10:32:43,068 - INFO - 参考学习目录已初始化: assets/knowledge_base
2026-02-18 10:32:43,070 - INFO - 知识库文档已保存: assets/knowledge_base/book_sources/6876_18r（免梯子）_书源_20260218_103243.md
2026-02-18 10:32:43,071 - INFO - 学习统计已更新: 书源 +1
2026-02-18 10:32:43,071 - INFO - 成功学习书源: 18r（免梯子） (ID: 6876)
2026-02-18 10:32:43,073 - INFO - 书源已标记为已学习: 6876
2026-02-18 10:32:43,074 - INFO - 学习日志已保存
2026-02-18 10:32:43,074 - INFO - ✓ 成功学习: 18r（免梯子） https://jiek.qiubai.icu/ (ID: 6876)
2026-02-18 10:32:44,291 - INFO - 参考学习目录已初始化: assets/knowledge_base
2026-02-18 10:32:44,293 - INFO - 知识库文档已保存: assets/knowledge_base/book_sources/6875_顶点小说ddxsmf_书源_20260218_103244.md
2026-02-18 10:32:44,294 - INFO - 学习统计已更新: 书源 +1
2026-02-18 10:32:44,295 - INFO - 成功学习书源: 顶点小说ddxsmf (ID: 6875)
2026-02-18 10:32:44,296 - INFO - 书源已标记为已学习: 6875
2026-02-18 10:32:44,298 - INFO - 学习日志已保存
2026-02-18 10:32:44,298 - INFO - ✓ 成功学习: 顶点小说ddxsmf https://www.ddxsmf.com (ID: 6875)
2026-02-18 10:32:45,490 - INFO - 参考学习目录已初始化: assets/knowledge_base
2026-02-18 10:32:45,493 - INFO - 知识库文档已保存: assets/knowledge_base/book_sources/6874_无插件 - 赛事直播_书源_20260218_103245.md
2026-02-18 10:32:45,494 - INFO - 学习统计已更新: 书源 +1
2026-02-18 10:32:45,494 - INFO - 成功学习书源: 无插件 - 赛事直播 (ID: 6874)
2026-02-18 10:32:45,496 - INFO - 书源已标记为已学习: 6874
2026-02-18 10:32:45,497 - INFO - 学习日志已保存
2026-02-18 10:32:45,498 - INFO - ✓ 成功学习: 无插件 - 赛事直播 http://www.wuchajian.xyz (ID: 6874)
2026-02-18 10:32:46,690 - INFO - 参考学习目录已初始化: assets/knowledge_base
2026-02-18 10:32:46,694 - INFO - 知识库文档已保存: assets/knowledge_base/book_sources/6857_多平台精品源_书源_20260218_103246.md
2026-02-18 10:32:46,695 - INFO - 学习统计已更新: 书源 +1
2026-02-18 10:32:46,695 - INFO - 成功学习书源: 多平台精品源 (ID: 6857)
2026-02-18 10:32:46,697 - INFO - 书源已标记为已学习: 6857
2026-02-18 10:32:46,698 - INFO - 学习日志已保存
2026-02-18 10:32:46,698 - INFO - ✓ 成功学习: 多平台精品源 多平台精品源 (ID: 6857)
2026-02-18 10:32:47,914 - INFO - 参考学习目录已初始化: assets/knowledge_base
2026-02-18 10:32:47,916 - INFO - 知识库文档已保存: assets/knowledge_base/book_sources/6844_速读谷_书源_20260218_103247.md
2026-02-18 10:32:47,917 - INFO - 学习统计已更新: 书源 +1
2026-02-18 10:32:47,917 - INFO - 成功学习书源: 速读谷 (ID: 6844)
2026-02-18 10:32:47,918 - INFO - 书源已标记为已学习: 6844
2026-02-18 10:32:47,920 - INFO - 学习日志已保存
2026-02-18 10:32:47,921 - INFO - ✓ 成功学习: 速读谷 https://www.sudugu.org (ID: 6844)
2026-02-18 10:32:49,157 - INFO - 参考学习目录已初始化: assets/knowledge_base
2026-02-18 10:32:49,159 - INFO - 知识库文档已保存: assets/knowledge_base/book_sources/6842_汉书书_书源_20260218_103249.md
2026-02-18 10:32:49,160 - INFO - 学习统计已更新: 书源 +1
2026-02-18 10:32:49,160 - INFO - 成功学习书源: 汉书书 (ID: 6842)
2026-02-18 10:32:49,162 - INFO - 书源已标记为已学习: 6842
2026-02-18 10:32:49,163 - INFO - 学习日志已保存
2026-02-18 10:32:49,163 - INFO - ✓ 成功学习: 汉书书 https://m.hanshubooks.com/ (ID: 6842)
2026-02-18 10:32:50,381 - INFO - 参考学习目录已初始化: assets/knowledge_base
2026-02-18 10:32:50,383 - INFO - 知识库文档已保存: assets/knowledge_base/book_sources/6837_美女图片网_书源_20260218_103250.md
2026-02-18 10:32:50,385 - INFO - 学习统计已更新: 书源 +1
2026-02-18 10:32:50,385 - INFO - 成功学习书源: 美女图片网 (ID: 6837)
2026-02-18 10:32:50,386 - INFO - 书源已标记为已学习: 6837
2026-02-18 10:32:50,388 - INFO - 学习日志已保存
2026-02-18 10:32:50,388 - INFO - ✓ 成功学习: 美女图片网 https://m.ku1372.cc (ID: 6837)
2026-02-18 10:32:51,638 - INFO - 参考学习目录已初始化: assets/knowledge_base
2026-02-18 10:32:51,641 - INFO - 知识库文档已保存: assets/knowledge_base/book_sources/6112_🌈网易云音乐_书源_20260218_103251.md
2026-02-18 10:32:51,642 - INFO - 学习统计已更新: 书源 +1
2026-02-18 10:32:51,642 - INFO - 成功学习书源: 🌈网易云音乐 (ID: 6112)
2026-02-18 10:32:51,644 - INFO - 书源已标记为已学习: 6112
2026-02-18 10:32:51,645 - INFO - 学习日志已保存
2026-02-18 10:32:51,645 - INFO - ✓ 成功学习: 🌈网易云音乐 https://网易云音乐.luoyacheng.ip-ddns.com (ID: 6112)
2026-02-18 10:32:52,881 - INFO - 参考学习目录已初始化: assets/knowledge_base
2026-02-18 10:32:52,883 - INFO - 知识库文档已保存: assets/knowledge_base/book_sources/6835_茶马小说 [耽美]_书源_20260218_103252.md
2026-02-18 10:32:52,884 - INFO - 学习统计已更新: 书源 +1
2026-02-18 10:32:52,884 - INFO - 成功学习书源: 茶马小说 [耽美] (ID: 6835)
2026-02-18 10:32:52,886 - INFO - 书源已标记为已学习: 6835
2026-02-18 10:32:52,887 - INFO - 学习日志已保存
2026-02-18 10:32:52,888 - INFO - ✓ 成功学习: 茶马小说 [耽美] https://www.chamabooks.net (ID: 6835)
2026-02-18 10:32:54,121 - INFO - 参考学习目录已初始化: assets/knowledge_base
2026-02-18 10:32:54,123 - INFO - 知识库文档已保存: assets/knowledge_base/book_sources/6834_天命皆烬小说_书源_20260218_103254.md
2026-02-18 10:32:54,124 - INFO - 学习统计已更新: 书源 +1
2026-02-18 10:32:54,124 - INFO - 成功学习书源: 天命皆烬小说 (ID: 6834)
2026-02-18 10:32:54,126 - INFO - 书源已标记为已学习: 6834
2026-02-18 10:32:54,128 - INFO - 学习日志已保存
2026-02-18 10:32:54,128 - INFO - ✓ 成功学习: 天命皆烬小说 https://www.genwohua.com (ID: 6834)
2026-02-18 10:32:55,354 - INFO - 参考学习目录已初始化: assets/knowledge_base
2026-02-18 10:32:55,357 - INFO - 知识库文档已保存: assets/knowledge_base/book_sources/6832_茶杯狐_书源_20260218_103255.md
2026-02-18 10:32:55,358 - INFO - 学习统计已更新: 书源 +1
2026-02-18 10:32:55,359 - INFO - 成功学习书源: 茶杯狐 (ID: 6832)
2026-02-18 10:32:55,361 - INFO - 书源已标记为已学习: 6832
2026-02-18 10:32:55,362 - INFO - 学习日志已保存
2026-02-18 10:32:55,362 - INFO - ✓ 成功学习: 茶杯狐 https://www.cupfox7.com/ (ID: 6832)
2026-02-18 10:32:56,605 - INFO - 参考学习目录已初始化: assets/knowledge_base
2026-02-18 10:32:56,610 - INFO - 知识库文档已保存: assets/knowledge_base/book_sources/6830_万能精品源_书源_20260218_103256.md
2026-02-18 10:32:56,612 - INFO - 学习统计已更新: 书源 +1
2026-02-18 10:32:56,613 - INFO - 成功学习书源: 万能精品源 (ID: 6830)
2026-02-18 10:32:56,616 - INFO - 书源已标记为已学习: 6830
2026-02-18 10:32:56,619 - INFO - 学习日志已保存
2026-02-18 10:32:56,619 - INFO - ✓ 成功学习: 万能精品源 精品源 (ID: 6830)
2026-02-18 10:32:57,847 - INFO - 参考学习目录已初始化: assets/knowledge_base
2026-02-18 10:32:57,850 - INFO - 知识库文档已保存: assets/knowledge_base/book_sources/6820_🌸肉漫屋( 韩漫+ )_书源_20260218_103257.md
2026-02-18 10:32:57,851 - INFO - 学习统计已更新: 书源 +1
2026-02-18 10:32:57,852 - INFO - 成功学习书源: 🌸肉漫屋( 韩漫+ ) (ID: 6820)
2026-02-18 10:32:57,854 - INFO - 书源已标记为已学习: 6820
2026-02-18 10:32:57,856 - INFO - 学习日志已保存
2026-02-18 10:32:57,856 - INFO - ✓ 成功学习: 🌸肉漫屋( 韩漫+ ) https://roum26.xyz (ID: 6820)
2026-02-18 10:32:59,068 - INFO - 参考学习目录已初始化: assets/knowledge_base
2026-02-18 10:32:59,071 - INFO - 知识库文档已保存: assets/knowledge_base/book_sources/6819_CA 情色小说（修复）_书源_20260218_103259.md
2026-02-18 10:32:59,072 - INFO - 学习统计已更新: 书源 +1
2026-02-18 10:32:59,072 - INFO - 成功学习书源: CA 情色小说（修复） (ID: 6819)
2026-02-18 10:32:59,074 - INFO - 书源已标记为已学习: 6819
2026-02-18 10:32:59,075 - INFO - 学习日志已保存
2026-02-18 10:32:59,076 - INFO - ✓ 成功学习: CA 情色小说（修复） https://canovel.com (ID: 6819)
2026-02-18 10:33:00,287 - INFO - 参考学习目录已初始化: assets/knowledge_base
2026-02-18 10:33:00,291 - INFO - 知识库文档已保存: assets/knowledge_base/book_sources/6817_番茄四合一_书源_20260218_103300.md
2026-02-18 10:33:00,292 - INFO - 学习统计已更新: 书源 +1
2026-02-18 10:33:00,292 - INFO - 成功学习书源: 番茄四合一 (ID: 6817)
2026-02-18 10:33:00,294 - INFO - 书源已标记为已学习: 6817
2026-02-18 10:33:00,295 - INFO - 学习日志已保存
2026-02-18 10:33:00,296 - INFO - ✓ 成功学习: 番茄四合一 http://103.189.141.163:9587 (ID: 6817)
2026-02-18 10:33:01,502 - INFO - 参考学习目录已初始化: assets/knowledge_base
2026-02-18 10:33:01,505 - INFO - 知识库文档已保存: assets/knowledge_base/book_sources/6816_🌸爱丽丝书屋(免翻)_书源_20260218_103301.md
2026-02-18 10:33:01,506 - INFO - 学习统计已更新: 书源 +1
2026-02-18 10:33:01,507 - INFO - 成功学习书源: 🌸爱丽丝书屋(免翻) (ID: 6816)
2026-02-18 10:33:01,508 - INFO - 书源已标记为已学习: 6816
2026-02-18 10:33:01,510 - INFO - 学习日志已保存
2026-02-18 10:33:01,510 - INFO - ✓ 成功学习: 🌸爱丽丝书屋(免翻) https://xn--vcsx64d.alicesw12.xyz/ (ID: 6816)
2026-02-18 10:33:02,725 - INFO - 参考学习目录已初始化: assets/knowledge_base
2026-02-18 10:33:02,728 - INFO - 知识库文档已保存: assets/knowledge_base/book_sources/5718_书耽_书源_20260218_103302.md
2026-02-18 10:33:02,729 - INFO - 学习统计已更新: 书源 +1
2026-02-18 10:33:02,729 - INFO - 成功学习书源: 书耽 (ID: 5718)
2026-02-18 10:33:02,731 - INFO - 书源已标记为已学习: 5718
2026-02-18 10:33:02,733 - INFO - 学习日志已保存
2026-02-18 10:33:02,733 - INFO - ✓ 成功学习: 书耽 https://app.shubl.com (ID: 5718)
2026-02-18 10:33:03,977 - INFO - 参考学习目录已初始化: assets/knowledge_base
2026-02-18 10:33:03,980 - INFO - 知识库文档已保存: assets/knowledge_base/book_sources/6815_🌸肉漫屋( 韩漫+ )_书源_20260218_103303.md
2026-02-18 10:33:03,981 - INFO - 学习统计已更新: 书源 +1
2026-02-18 10:33:03,981 - INFO - 成功学习书源: 🌸肉漫屋( 韩漫+ ) (ID: 6815)
2026-02-18 10:33:03,983 - INFO - 书源已标记为已学习: 6815
2026-02-18 10:33:03,985 - INFO - 学习日志已保存
2026-02-18 10:33:03,985 - INFO - ✓ 成功学习: 🌸肉漫屋( 韩漫+ ) https://roum26.xyz (ID: 6815)
2026-02-18 10:33:05,233 - INFO - 参考学习目录已初始化: assets/knowledge_base
2026-02-18 10:33:05,236 - INFO - 知识库文档已保存: assets/knowledge_base/book_sources/6814_八叉书库_书源_20260218_103305.md
2026-02-18 10:33:05,237 - INFO - 学习统计已更新: 书源 +1
2026-02-18 10:33:05,238 - INFO - 成功学习书源: 八叉书库 (ID: 6814)
2026-02-18 10:33:05,239 - INFO - 书源已标记为已学习: 6814
2026-02-18 10:33:05,241 - INFO - 学习日志已保存
2026-02-18 10:33:05,241 - INFO - ✓ 成功学习: 八叉书库 https://www.8xsk.info (ID: 6814)
2026-02-18 10:33:06,465 - INFO - 参考学习目录已初始化: assets/knowledge_base
2026-02-18 10:33:06,467 - INFO - 知识库文档已保存: assets/knowledge_base/book_sources/6813_爱看书吧_书源_20260218_103306.md
2026-02-18 10:33:06,469 - INFO - 学习统计已更新: 书源 +1
2026-02-18 10:33:06,469 - INFO - 成功学习书源: 爱看书吧 (ID: 6813)
2026-02-18 10:33:06,471 - INFO - 书源已标记为已学习: 6813
2026-02-18 10:33:06,472 - INFO - 学习日志已保存
2026-02-18 10:33:06,473 - INFO - ✓ 成功学习: 爱看书吧 https://m.aidushu8.com (ID: 6813)
2026-02-18 10:33:07,689 - INFO - 参考学习目录已初始化: assets/knowledge_base
2026-02-18 10:33:07,692 - INFO - 知识库文档已保存: assets/knowledge_base/book_sources/6812_🌸Hitomi漫_书源_20260218_103307.md
2026-02-18 10:33:07,693 - INFO - 学习统计已更新: 书源 +1
2026-02-18 10:33:07,694 - INFO - 成功学习书源: 🌸Hitomi漫 (ID: 6812)
2026-02-18 10:33:07,695 - INFO - 书源已标记为已学习: 6812
2026-02-18 10:33:07,697 - INFO - 学习日志已保存
2026-02-18 10:33:07,697 - INFO - ✓ 成功学习: 🌸Hitomi漫 https://hitomi.si/ (ID: 6812)
2026-02-18 10:33:08,939 - INFO - 参考学习目录已初始化: assets/knowledge_base
2026-02-18 10:33:08,941 - INFO - 知识库文档已保存: assets/knowledge_base/book_sources/6810_爱下电子书_书源_20260218_103308.md
2026-02-18 10:33:08,942 - INFO - 学习统计已更新: 书源 +1
2026-02-18 10:33:08,942 - INFO - 成功学习书源: 爱下电子书 (ID: 6810)
2026-02-18 10:33:08,944 - INFO - 书源已标记为已学习: 6810
2026-02-18 10:33:08,946 - INFO - 学习日志已保存
2026-02-18 10:33:08,946 - INFO - ✓ 成功学习: 爱下电子书 https://ixdzs8.com (ID: 6810)
2026-02-18 10:33:10,166 - INFO - 参考学习目录已初始化: assets/knowledge_base
2026-02-18 10:33:10,168 - INFO - 知识库文档已保存: assets/knowledge_base/book_sources/6809_八叉书库_书源_20260218_103310.md
2026-02-18 10:33:10,169 - INFO - 学习统计已更新: 书源 +1
2026-02-18 10:33:10,169 - INFO - 成功学习书源: 八叉书库 (ID: 6809)
2026-02-18 10:33:10,171 - INFO - 书源已标记为已学习: 6809
2026-02-18 10:33:10,173 - INFO - 学习日志已保存
2026-02-18 10:33:10,173 - INFO - ✓ 成功学习: 八叉书库 https://www.8xsk.info (ID: 6809)
2026-02-18 10:33:11,381 - INFO - 参考学习目录已初始化: assets/knowledge_base
2026-02-18 10:33:11,384 - INFO - 知识库文档已保存: assets/knowledge_base/book_sources/6808_笔趣阁_书源_20260218_103311.md
2026-02-18 10:33:11,385 - INFO - 学习统计已更新: 书源 +1
2026-02-18 10:33:11,385 - INFO - 成功学习书源: 笔趣阁 (ID: 6808)
2026-02-18 10:33:11,387 - INFO - 书源已标记为已学习: 6808
2026-02-18 10:33:11,388 - INFO - 学习日志已保存
2026-02-18 10:33:11,389 - INFO - ✓ 成功学习: 笔趣阁 https://www.bqquge.com (ID: 6808)
2026-02-18 10:33:12,598 - INFO - 参考学习目录已初始化: assets/knowledge_base
2026-02-18 10:33:12,601 - INFO - 知识库文档已保存: assets/knowledge_base/book_sources/6806_🌸绅士漫画_书源_20260218_103312.md
2026-02-18 10:33:12,602 - INFO - 学习统计已更新: 书源 +1
2026-02-18 10:33:12,602 - INFO - 成功学习书源: 🌸绅士漫画 (ID: 6806)
2026-02-18 10:33:12,604 - INFO - 书源已标记为已学习: 6806
2026-02-18 10:33:12,606 - INFO - 学习日志已保存
2026-02-18 10:33:12,606 - INFO - ✓ 成功学习: 🌸绅士漫画 https://www.wn06.ru/ (ID: 6806)
2026-02-18 10:33:13,839 - INFO - 参考学习目录已初始化: assets/knowledge_base
2026-02-18 10:33:13,841 - INFO - 知识库文档已保存: assets/knowledge_base/book_sources/6803_百草露小说_书源_20260218_103313.md
2026-02-18 10:33:13,842 - INFO - 学习统计已更新: 书源 +1
2026-02-18 10:33:13,843 - INFO - 成功学习书源: 百草露小说 (ID: 6803)
2026-02-18 10:33:13,844 - INFO - 书源已标记为已学习: 6803
2026-02-18 10:33:13,846 - INFO - 学习日志已保存
2026-02-18 10:33:13,846 - INFO - ✓ 成功学习: 百草露小说 https://m.baicaolu.com (ID: 6803)
2026-02-18 10:33:15,054 - INFO - 参考学习目录已初始化: assets/knowledge_base
2026-02-18 10:33:15,057 - INFO - 知识库文档已保存: assets/knowledge_base/book_sources/6792_天天看小说🪜_书源_20260218_103315.md
2026-02-18 10:33:15,058 - INFO - 学习统计已更新: 书源 +1
2026-02-18 10:33:15,059 - INFO - 成功学习书源: 天天看小说🪜 (ID: 6792)
2026-02-18 10:33:15,060 - INFO - 书源已标记为已学习: 6792
2026-02-18 10:33:15,062 - INFO - 学习日志已保存
2026-02-18 10:33:15,062 - INFO - ✓ 成功学习: 天天看小说🪜 https://ttks.tw/ (ID: 6792)
2026-02-18 10:33:16,287 - INFO - 参考学习目录已初始化: assets/knowledge_base
2026-02-18 10:33:16,289 - INFO - 知识库文档已保存: assets/knowledge_base/book_sources/6785_必去读书库_书源_20260218_103316.md
2026-02-18 10:33:16,290 - INFO - 学习统计已更新: 书源 +1
2026-02-18 10:33:16,291 - INFO - 成功学习书源: 必去读书库 (ID: 6785)
2026-02-18 10:33:16,293 - INFO - 书源已标记为已学习: 6785
2026-02-18 10:33:16,294 - INFO - 学习日志已保存
2026-02-18 10:33:16,294 - INFO - ✓ 成功学习: 必去读书库 http://m.biqugei.org (ID: 6785)
2026-02-18 10:33:17,511 - INFO - 参考学习目录已初始化: assets/knowledge_base
2026-02-18 10:33:17,513 - INFO - 知识库文档已保存: assets/knowledge_base/book_sources/6783_爱下电子书_书源_20260218_103317.md
2026-02-18 10:33:17,515 - INFO - 学习统计已更新: 书源 +1
2026-02-18 10:33:17,515 - INFO - 成功学习书源: 爱下电子书 (ID: 6783)
2026-02-18 10:33:17,517 - INFO - 书源已标记为已学习: 6783
2026-02-18 10:33:17,518 - INFO - 学习日志已保存
2026-02-18 10:33:17,519 - INFO - ✓ 成功学习: 爱下电子书 https://ixdzs.tw/ (ID: 6783)
2026-02-18 10:33:18,736 - INFO - 参考学习目录已初始化: assets/knowledge_base
2026-02-18 10:33:18,738 - INFO - 知识库文档已保存: assets/knowledge_base/book_sources/6782_夜读集小说_书源_20260218_103318.md
2026-02-18 10:33:18,739 - INFO - 学习统计已更新: 书源 +1
2026-02-18 10:33:18,739 - INFO - 成功学习书源: 夜读集小说 (ID: 6782)
2026-02-18 10:33:18,741 - INFO - 书源已标记为已学习: 6782
2026-02-18 10:33:18,743 - INFO - 学习日志已保存
2026-02-18 10:33:18,743 - INFO - ✓ 成功学习: 夜读集小说 https://www.yeduji.com (ID: 6782)
2026-02-18 10:33:19,962 - INFO - 参考学习目录已初始化: assets/knowledge_base
2026-02-18 10:33:19,966 - INFO - 知识库文档已保存: assets/knowledge_base/book_sources/6781_看看影院_书源_20260218_103319.md
2026-02-18 10:33:19,969 - INFO - 学习统计已更新: 书源 +1
2026-02-18 10:33:19,969 - INFO - 成功学习书源: 看看影院 (ID: 6781)
2026-02-18 10:33:19,974 - INFO - 书源已标记为已学习: 6781
2026-02-18 10:33:19,978 - INFO - 学习日志已保存
2026-02-18 10:33:19,978 - INFO - ✓ 成功学习: 看看影院 http://k9.9967.top/ (ID: 6781)
2026-02-18 10:33:21,218 - INFO - 参考学习目录已初始化: assets/knowledge_base
2026-02-18 10:33:21,221 - INFO - 知识库文档已保存: assets/knowledge_base/book_sources/6779_ESJ Zone_书源_20260218_103321.md
2026-02-18 10:33:21,223 - INFO - 学习统计已更新: 书源 +1
2026-02-18 10:33:21,223 - INFO - 成功学习书源: ESJ Zone (ID: 6779)
2026-02-18 10:33:21,225 - INFO - 书源已标记为已学习: 6779
2026-02-18 10:33:21,227 - INFO - 学习日志已保存
2026-02-18 10:33:21,228 - INFO - ✓ 成功学习: ESJ Zone https://www.esjzone.cc (ID: 6779)
2026-02-18 10:33:22,451 - INFO - 参考学习目录已初始化: assets/knowledge_base
2026-02-18 10:33:22,454 - INFO - 知识库文档已保存: assets/knowledge_base/book_sources/6778_🎨禁漫天堂_书源_20260218_103322.md
2026-02-18 10:33:22,456 - INFO - 学习统计已更新: 书源 +1
2026-02-18 10:33:22,456 - INFO - 成功学习书源: 🎨禁漫天堂 (ID: 6778)
2026-02-18 10:33:22,458 - INFO - 书源已标记为已学习: 6778
2026-02-18 10:33:22,460 - INFO - 学习日志已保存
2026-02-18 10:33:22,460 - INFO - ✓ 成功学习: 🎨禁漫天堂 https://18comic.vip (ID: 6778)
2026-02-18 10:33:23,675 - INFO - 参考学习目录已初始化: assets/knowledge_base
2026-02-18 10:33:23,678 - INFO - 知识库文档已保存: assets/knowledge_base/book_sources/6777_🌈笔趣中文网_书源_20260218_103323.md
2026-02-18 10:33:23,679 - INFO - 学习统计已更新: 书源 +1
2026-02-18 10:33:23,679 - INFO - 成功学习书源: 🌈笔趣中文网 (ID: 6777)
2026-02-18 10:33:23,682 - INFO - 书源已标记为已学习: 6777
2026-02-18 10:33:23,683 - INFO - 学习日志已保存
2026-02-18 10:33:23,684 - INFO - ✓ 成功学习: 🌈笔趣中文网 http://www.bqgz.cc (ID: 6777)
2026-02-18 10:33:24,894 - INFO - 参考学习目录已初始化: assets/knowledge_base
2026-02-18 10:33:24,899 - INFO - 知识库文档已保存: assets/knowledge_base/book_sources/6776_全能书源_书源_20260218_103324.md
2026-02-18 10:33:24,900 - INFO - 学习统计已更新: 书源 +1
2026-02-18 10:33:24,900 - INFO - 成功学习书源: 全能书源 (ID: 6776)
2026-02-18 10:33:24,902 - INFO - 书源已标记为已学习: 6776
2026-02-18 10:33:24,904 - INFO - 学习日志已保存
2026-02-18 10:33:24,904 - INFO - ✓ 成功学习: 全能书源 全能书源 (ID: 6776)
2026-02-18 10:33:26,109 - INFO - 参考学习目录已初始化: assets/knowledge_base
2026-02-18 10:33:26,112 - INFO - 知识库文档已保存: assets/knowledge_base/book_sources/6775_365小说网_书源_20260218_103326.md
2026-02-18 10:33:26,113 - INFO - 学习统计已更新: 书源 +1
2026-02-18 10:33:26,114 - INFO - 成功学习书源: 365小说网 (ID: 6775)
2026-02-18 10:33:26,116 - INFO - 书源已标记为已学习: 6775
2026-02-18 10:33:26,119 - INFO - 学习日志已保存
2026-02-18 10:33:26,120 - INFO - ✓ 成功学习: 365小说网 http://www.shukuge.com/ (ID: 6775)
2026-02-18 10:33:27,341 - INFO - 参考学习目录已初始化: assets/knowledge_base
2026-02-18 10:33:27,344 - INFO - 知识库文档已保存: assets/knowledge_base/book_sources/6774_小说520_书源_20260218_103327.md
2026-02-18 10:33:27,345 - INFO - 学习统计已更新: 书源 +1
2026-02-18 10:33:27,346 - INFO - 成功学习书源: 小说520 (ID: 6774)
2026-02-18 10:33:27,348 - INFO - 书源已标记为已学习: 6774
2026-02-18 10:33:27,349 - INFO - 学习日志已保存
2026-02-18 10:33:27,350 - INFO - ✓ 成功学习: 小说520 https://www.xs520.com/ (ID: 6774)
2026-02-18 10:33:28,558 - INFO - 参考学习目录已初始化: assets/knowledge_base
2026-02-18 10:33:28,562 - INFO - 知识库文档已保存: assets/knowledge_base/book_sources/6773_🄼冰清阁小说_书源_20260218_103328.md
2026-02-18 10:33:28,563 - INFO - 学习统计已更新: 书源 +1
2026-02-18 10:33:28,563 - INFO - 成功学习书源: 🄼冰清阁小说 (ID: 6773)
2026-02-18 10:33:28,566 - INFO - 书源已标记为已学习: 6773
2026-02-18 10:33:28,568 - INFO - 学习日志已保存
2026-02-18 10:33:28,568 - INFO - ✓ 成功学习: 🄼冰清阁小说 https://m.bqgcn.com/ (ID: 6773)
2026-02-18 10:33:29,799 - INFO - 参考学习目录已初始化: assets/knowledge_base
2026-02-18 10:33:29,802 - INFO - 知识库文档已保存: assets/knowledge_base/book_sources/6772_顶点小说_书源_20260218_103329.md
2026-02-18 10:33:29,804 - INFO - 学习统计已更新: 书源 +1
2026-02-18 10:33:29,804 - INFO - 成功学习书源: 顶点小说 (ID: 6772)
2026-02-18 10:33:29,807 - INFO - 书源已标记为已学习: 6772
2026-02-18 10:33:29,811 - INFO - 学习日志已保存
2026-02-18 10:33:29,811 - INFO - ✓ 成功学习: 顶点小说 https://www.dingdian6.com (ID: 6772)
2026-02-18 10:33:31,033 - INFO - 参考学习目录已初始化: assets/knowledge_base
2026-02-18 10:33:31,037 - INFO - 知识库文档已保存: assets/knowledge_base/book_sources/6771_600小说网_书源_20260218_103331.md
2026-02-18 10:33:31,038 - INFO - 学习统计已更新: 书源 +1
2026-02-18 10:33:31,039 - INFO - 成功学习书源: 600小说网 (ID: 6771)
2026-02-18 10:33:31,046 - INFO - 书源已标记为已学习: 6771
2026-02-18 10:33:31,053 - INFO - 学习日志已保存
2026-02-18 10:33:31,054 - INFO - ✓ 成功学习: 600小说网 http://www.600zz.com (ID: 6771)
2026-02-18 10:33:32,273 - INFO - 参考学习目录已初始化: assets/knowledge_base
2026-02-18 10:33:32,275 - INFO - 知识库文档已保存: assets/knowledge_base/book_sources/6763_九桃小说_书源_20260218_103332.md
2026-02-18 10:33:32,277 - INFO - 学习统计已更新: 书源 +1
2026-02-18 10:33:32,277 - INFO - 成功学习书源: 九桃小说 (ID: 6763)
2026-02-18 10:33:32,279 - INFO - 书源已标记为已学习: 6763
2026-02-18 10:33:32,281 - INFO - 学习日志已保存
2026-02-18 10:33:32,281 - INFO - ✓ 成功学习: 九桃小说 https://k09.a506wge.cc (ID: 6763)
2026-02-18 10:33:33,516 - INFO - 参考学习目录已初始化: assets/knowledge_base
2026-02-18 10:33:33,519 - INFO - 知识库文档已保存: assets/knowledge_base/book_sources/6761_番茄（发现）_书源_20260218_103333.md
2026-02-18 10:33:33,520 - INFO - 学习统计已更新: 书源 +1
2026-02-18 10:33:33,521 - INFO - 成功学习书源: 番茄（发现） (ID: 6761)
2026-02-18 10:33:33,523 - INFO - 书源已标记为已学习: 6761
2026-02-18 10:33:33,525 - INFO - 学习日志已保存
2026-02-18 10:33:33,525 - INFO - ✓ 成功学习: 番茄（发现） https://fanqienovel.com####嘿嘿 (ID: 6761)
2026-02-18 10:33:34,781 - INFO - 参考学习目录已初始化: assets/knowledge_base
2026-02-18 10:33:34,784 - INFO - 知识库文档已保存: assets/knowledge_base/book_sources/6760_ꂵ 30读书_书源_20260218_103334.md
2026-02-18 10:33:34,785 - INFO - 学习统计已更新: 书源 +1
2026-02-18 10:33:34,785 - INFO - 成功学习书源: ꂵ 30读书 (ID: 6760)
2026-02-18 10:33:34,788 - INFO - 书源已标记为已学习: 6760
2026-02-18 10:33:34,790 - INFO - 学习日志已保存
2026-02-18 10:33:34,791 - INFO - ✓ 成功学习: ꂵ 30读书 https://www.30dushu.com/ (ID: 6760)
2026-02-18 10:33:35,988 - INFO - 参考学习目录已初始化: assets/knowledge_base
2026-02-18 10:33:35,991 - INFO - 知识库文档已保存: assets/knowledge_base/book_sources/6759_🄼 八一_书源_20260218_103335.md
2026-02-18 10:33:35,992 - INFO - 学习统计已更新: 书源 +1
2026-02-18 10:33:35,993 - INFO - 成功学习书源: 🄼 八一 (ID: 6759)
2026-02-18 10:33:35,995 - INFO - 书源已标记为已学习: 6759
2026-02-18 10:33:35,998 - INFO - 学习日志已保存
2026-02-18 10:33:35,998 - INFO - ✓ 成功学习: 🄼 八一 https://www.blxs.info/ (ID: 6759)
2026-02-18 10:33:37,188 - INFO - 参考学习目录已初始化: assets/knowledge_base
2026-02-18 10:33:37,200 - INFO - 知识库文档已保存: assets/knowledge_base/book_sources/6758_亲亲小说qinqinxiaoshuo_书源_20260218_103337.md
2026-02-18 10:33:37,201 - INFO - 学习统计已更新: 书源 +1
2026-02-18 10:33:37,201 - INFO - 成功学习书源: 亲亲小说qinqinxiaoshuo (ID: 6758)
2026-02-18 10:33:37,204 - INFO - 书源已标记为已学习: 6758
2026-02-18 10:33:37,206 - INFO - 学习日志已保存
2026-02-18 10:33:37,206 - INFO - ✓ 成功学习: 亲亲小说qinqinxiaoshuo https://www.qinqinxiaoshuo.cc (ID: 6758)
2026-02-18 10:33:38,397 - INFO - 参考学习目录已初始化: assets/knowledge_base
2026-02-18 10:33:38,399 - ERROR - 学习书源失败: 'list' object has no attribute 'get'
2026-02-18 10:33:38,401 - INFO - 学习日志已保存
2026-02-18 10:33:38,401 - WARNING - ✗ 学习失败: 奇书网 https://m.qishu99.cc/ (ID: 6757)
2026-02-18 10:33:39,588 - INFO - 参考学习目录已初始化: assets/knowledge_base
2026-02-18 10:33:39,591 - INFO - 知识库文档已保存: assets/knowledge_base/book_sources/6754_云轩阁小说网_书源_20260218_103339.md
2026-02-18 10:33:39,592 - INFO - 学习统计已更新: 书源 +1
2026-02-18 10:33:39,593 - INFO - 成功学习书源: 云轩阁小说网 (ID: 6754)
2026-02-18 10:33:39,595 - INFO - 书源已标记为已学习: 6754
2026-02-18 10:33:39,597 - INFO - 学习日志已保存
2026-02-18 10:33:39,597 - INFO - ✓ 成功学习: 云轩阁小说网 http://www.yunxuange.cc/ (ID: 6754)
2026-02-18 10:33:40,805 - INFO - 参考学习目录已初始化: assets/knowledge_base
2026-02-18 10:33:40,807 - INFO - 知识库文档已保存: assets/knowledge_base/book_sources/6753_kuronavi漫画raw_书源_20260218_103340.md
2026-02-18 10:33:40,809 - INFO - 学习统计已更新: 书源 +1
2026-02-18 10:33:40,809 - INFO - 成功学习书源: kuronavi漫画raw (ID: 6753)
2026-02-18 10:33:40,811 - INFO - 书源已标记为已学习: 6753
2026-02-18 10:33:40,814 - INFO - 学习日志已保存
2026-02-18 10:33:40,815 - INFO - ✓ 成功学习: kuronavi漫画raw https://kuronavi.blog (ID: 6753)
2026-02-18 10:33:42,048 - INFO - 参考学习目录已初始化: assets/knowledge_base
2026-02-18 10:33:42,051 - INFO - 知识库文档已保存: assets/knowledge_base/book_sources/6752_旧钢笔_书源_20260218_103342.md
2026-02-18 10:33:42,052 - INFO - 学习统计已更新: 书源 +1
2026-02-18 10:33:42,053 - INFO - 成功学习书源: 旧钢笔 (ID: 6752)
2026-02-18 10:33:42,056 - INFO - 书源已标记为已学习: 6752
2026-02-18 10:33:42,059 - INFO - 学习日志已保存
2026-02-18 10:33:42,059 - INFO - ✓ 成功学习: 旧钢笔 https://p.jiugangbi.com (ID: 6752)
2026-02-18 10:33:43,060 - INFO - 分类 书源 爬取并学习完成，成功 95 个书源
2026-02-18 10:33:43,060 - INFO - 分类 书源 学习完成，成功 95 个书源
2026-02-18 10:33:43,060 - INFO - 任务完成，程序退出
